2024.07.06 12:13:01 INFO  ce[][o.s.p.ProcessEntryPoint] Starting Compute Engine
2024.07.06 12:13:01 INFO  ce[][o.s.ce.app.CeServer] Compute Engine starting up...
2024.07.06 12:13:01 INFO  ce[][o.s.d.DefaultDatabase] Create JDBC data source for jdbc:h2:tcp://127.0.0.1:9092/sonar;NON_KEYWORDS=VALUE
2024.07.06 12:13:01 INFO  ce[][c.z.h.HikariDataSource] HikariPool-1 - Starting...
2024.07.06 12:13:02 INFO  ce[][c.z.h.p.HikariPool] HikariPool-1 - Added connection conn0: url=jdbc:h2:tcp://127.0.0.1:9092/sonar user=
2024.07.06 12:13:02 INFO  ce[][c.z.h.HikariDataSource] HikariPool-1 - Start completed.
2024.07.06 12:13:02 WARN  ce[][o.s.db.dialect.H2] H2 database should be used for evaluation purpose only.
2024.07.06 12:13:03 INFO  ce[][o.s.s.p.ServerFileSystemImpl] SonarQube home: /Users/sam/Desktop/TS8/sonarqube-10.6.0.92116
2024.07.06 12:13:03 INFO  ce[][o.s.c.c.CePluginRepository] Load plugins
2024.07.06 12:13:05 INFO  ce[][o.s.c.c.ComputeEngineContainerImpl] Running Community edition
2024.07.06 12:13:05 INFO  ce[][o.s.ce.app.CeServer] Compute Engine is started
2024.07.06 13:18:32 INFO  ce[][o.s.p.ProcessEntryPoint] Gracefully stopping process
2024.07.06 13:18:32 INFO  ce[][o.s.ce.app.CeServer] Compute Engine is stopping...
2024.07.06 13:18:32 INFO  ce[][o.s.c.t.CeProcessingSchedulerImpl] Gracefully stopping workers...
2024.07.06 13:18:32 INFO  ce[][c.z.h.HikariDataSource] HikariPool-1 - Shutdown initiated...
2024.07.06 13:18:32 INFO  ce[][c.z.h.HikariDataSource] HikariPool-1 - Shutdown completed.
2024.07.06 13:18:32 INFO  ce[][o.s.ce.app.CeServer] Compute Engine is stopped
2024.07.06 13:30:03 INFO  ce[][o.s.p.ProcessEntryPoint] Starting Compute Engine
2024.07.06 13:30:03 INFO  ce[][o.s.ce.app.CeServer] Compute Engine starting up...
2024.07.06 13:30:03 INFO  ce[][o.s.d.DefaultDatabase] Create JDBC data source for jdbc:h2:tcp://127.0.0.1:9092/sonar;NON_KEYWORDS=VALUE
2024.07.06 13:30:03 INFO  ce[][c.z.h.HikariDataSource] HikariPool-1 - Starting...
2024.07.06 13:30:03 INFO  ce[][c.z.h.p.HikariPool] HikariPool-1 - Added connection conn0: url=jdbc:h2:tcp://127.0.0.1:9092/sonar user=
2024.07.06 13:30:03 INFO  ce[][c.z.h.HikariDataSource] HikariPool-1 - Start completed.
2024.07.06 13:30:03 WARN  ce[][o.s.db.dialect.H2] H2 database should be used for evaluation purpose only.
2024.07.06 13:30:04 INFO  ce[][o.s.s.p.ServerFileSystemImpl] SonarQube home: /Users/sam/Desktop/TS8/sonarqube-10.6.0.92116
2024.07.06 13:30:05 INFO  ce[][o.s.c.c.CePluginRepository] Load plugins
2024.07.06 13:30:06 INFO  ce[][o.s.c.c.ComputeEngineContainerImpl] Running Community edition
2024.07.06 13:30:06 INFO  ce[][o.s.ce.app.CeServer] Compute Engine is started
2024.07.06 13:36:19 WARN  ce[][c.z.h.p.HikariPool] HikariPool-1 - Thread starvation or clock leap detected (housekeeper delta=45s297ms).
2024.07.06 13:52:42 WARN  ce[][c.z.h.p.HikariPool] HikariPool-1 - Thread starvation or clock leap detected (housekeeper delta=15m53s441ms).
2024.07.06 14:06:19 WARN  ce[][c.z.h.p.HikariPool] HikariPool-1 - Thread starvation or clock leap detected (housekeeper delta=13m6s884ms).
2024.07.06 14:19:43 WARN  ce[][c.z.h.p.HikariPool] HikariPool-1 - Thread starvation or clock leap detected (housekeeper delta=53s621ms).
2024.07.06 14:35:37 WARN  ce[][c.z.h.p.HikariPool] HikariPool-1 - Thread starvation or clock leap detected (housekeeper delta=15m53s919ms).
2024.07.06 14:52:00 WARN  ce[][c.z.h.p.HikariPool] HikariPool-1 - Thread starvation or clock leap detected (housekeeper delta=15m53s535ms).
2024.07.06 15:08:24 WARN  ce[][c.z.h.p.HikariPool] HikariPool-1 - Thread starvation or clock leap detected (housekeeper delta=15m53s550ms).
2024.07.06 15:24:48 WARN  ce[][c.z.h.p.HikariPool] HikariPool-1 - Thread starvation or clock leap detected (housekeeper delta=15m53s764ms).
2024.07.06 15:36:47 WARN  ce[][c.z.h.p.HikariPool] HikariPool-1 - Thread starvation or clock leap detected (housekeeper delta=11m59s579ms).
2024.07.06 15:57:16 WARN  ce[][c.z.h.p.HikariPool] HikariPool-1 - Thread starvation or clock leap detected (housekeeper delta=15m28s209ms).
2024.07.06 16:17:09 WARN  ce[][c.z.h.p.HikariPool] HikariPool-1 - Thread starvation or clock leap detected (housekeeper delta=15m53s575ms).
2024.07.06 16:24:37 WARN  ce[][c.z.h.p.HikariPool] HikariPool-1 - Thread starvation or clock leap detected (housekeeper delta=7m27s483ms).
2024.07.06 16:25:30 WARN  ce[][c.z.h.p.HikariPool] HikariPool-1 - Thread starvation or clock leap detected (housekeeper delta=53s610ms).
2024.07.06 16:27:35 WARN  ce[][c.z.h.p.HikariPool] HikariPool-1 - Thread starvation or clock leap detected (housekeeper delta=2m4s416ms).
2024.07.06 16:47:46 WARN  ce[][c.z.h.p.HikariPool] HikariPool-1 - Thread starvation or clock leap detected (housekeeper delta=20m10s865ms).
2024.07.06 17:04:33 WARN  ce[][c.z.h.p.HikariPool] HikariPool-1 - Thread starvation or clock leap detected (housekeeper delta=16m17s139ms).
2024.07.06 17:19:31 WARN  ce[][c.z.h.p.HikariPool] HikariPool-1 - Thread starvation or clock leap detected (housekeeper delta=14m58s475ms).
