2024.07.06 12:11:12 INFO  app[][o.s.a.AppFileSystem] Cleaning or creating temp directory /Users/sam/Desktop/TS8/sonarqube-10.6.0.92116/temp
2024.07.06 12:11:12 INFO  app[][o.s.a.es.EsSettings] Elasticsearch listening on [HTTP: 127.0.0.1:9001, TCP: 127.0.0.1:54374]
2024.07.06 12:11:12 INFO  app[][o.s.a.ProcessLauncherImpl] Launch process[ELASTICSEARCH] from [/Users/sam/Desktop/TS8/sonarqube-10.6.0.92116/elasticsearch]: /usr/local/Cellar/openjdk@17/17.0.11/libexec/openjdk.jdk/Contents/Home/bin/java -Xms4m -Xmx64m -XX:+UseSerialGC -Dcli.name=server -Dcli.script=./bin/elasticsearch -Dcli.libs=lib/tools/server-cli -Des.path.home=/Users/sam/Desktop/TS8/sonarqube-10.6.0.92116/elasticsearch -Des.path.conf=/Users/sam/Desktop/TS8/sonarqube-10.6.0.92116/temp/conf/es -Des.distribution.type=tar -cp /Users/sam/Desktop/TS8/sonarqube-10.6.0.92116/elasticsearch/lib/*:/Users/sam/Desktop/TS8/sonarqube-10.6.0.92116/elasticsearch/lib/cli-launcher/* org.elasticsearch.launcher.CliToolLauncher
2024.07.06 12:11:12 INFO  app[][o.s.a.SchedulerImpl] Waiting for Elasticsearch to be up and running
2024.07.06 12:11:23 INFO  app[][o.s.a.SchedulerImpl] Process[es] is up
2024.07.06 12:11:23 INFO  app[][o.s.a.ProcessLauncherImpl] Launch process[WEB_SERVER] from [/Users/sam/Desktop/TS8/sonarqube-10.6.0.92116]: /usr/local/Cellar/openjdk@17/17.0.11/libexec/openjdk.jdk/Contents/Home/bin/java -Djava.awt.headless=true -Dfile.encoding=UTF-8 -Djava.io.tmpdir=/Users/sam/Desktop/TS8/sonarqube-10.6.0.92116/temp -XX:-OmitStackTraceInFastThrow --add-opens=java.base/java.util=ALL-UNNAMED --add-opens=java.base/java.lang=ALL-UNNAMED --add-opens=java.base/java.io=ALL-UNNAMED --add-opens=java.rmi/sun.rmi.transport=ALL-UNNAMED --add-exports=java.base/jdk.internal.ref=ALL-UNNAMED --add-opens=java.base/java.nio=ALL-UNNAMED --add-opens=java.base/sun.nio.ch=ALL-UNNAMED --add-opens=java.management/sun.management=ALL-UNNAMED --add-opens=jdk.management/com.sun.management.internal=ALL-UNNAMED -Xmx512m -Xms128m -XX:+HeapDumpOnOutOfMemoryError -Dhttp.nonProxyHosts=localhost|127.*|[::1] -cp ./lib/sonar-application-10.6.0.92116.jar:/Users/sam/Desktop/TS8/sonarqube-10.6.0.92116/lib/jdbc/h2/h2-2.2.224.jar org.sonar.server.app.WebServer /Users/sam/Desktop/TS8/sonarqube-10.6.0.92116/temp/sq-process14632889560114879440properties
2024.07.06 12:13:00 INFO  app[][o.s.a.SchedulerImpl] Process[web] is up
2024.07.06 12:13:00 INFO  app[][o.s.a.ProcessLauncherImpl] Launch process[COMPUTE_ENGINE] from [/Users/sam/Desktop/TS8/sonarqube-10.6.0.92116]: /usr/local/Cellar/openjdk@17/17.0.11/libexec/openjdk.jdk/Contents/Home/bin/java -Djava.awt.headless=true -Dfile.encoding=UTF-8 -Djava.io.tmpdir=/Users/sam/Desktop/TS8/sonarqube-10.6.0.92116/temp -XX:-OmitStackTraceInFastThrow --add-opens=java.base/java.util=ALL-UNNAMED --add-exports=java.base/jdk.internal.ref=ALL-UNNAMED --add-opens=java.base/java.lang=ALL-UNNAMED --add-opens=java.base/java.nio=ALL-UNNAMED --add-opens=java.base/sun.nio.ch=ALL-UNNAMED --add-opens=java.management/sun.management=ALL-UNNAMED --add-opens=jdk.management/com.sun.management.internal=ALL-UNNAMED -Xmx512m -Xms128m -XX:+HeapDumpOnOutOfMemoryError -Dhttp.nonProxyHosts=localhost|127.*|[::1] -cp ./lib/sonar-application-10.6.0.92116.jar:/Users/sam/Desktop/TS8/sonarqube-10.6.0.92116/lib/jdbc/h2/h2-2.2.224.jar org.sonar.ce.app.CeServer /Users/sam/Desktop/TS8/sonarqube-10.6.0.92116/temp/sq-process8340737534582056108properties
2024.07.06 12:13:01 WARN  app[][startup] ####################################################################################################################
2024.07.06 12:13:01 WARN  app[][startup] Default Administrator credentials are still being used. Make sure to change the password or deactivate the account.
2024.07.06 12:13:01 WARN  app[][startup] ####################################################################################################################
2024.07.06 12:13:05 INFO  app[][o.s.a.SchedulerImpl] Process[ce] is up
2024.07.06 12:13:05 INFO  app[][o.s.a.SchedulerImpl] SonarQube is operational
2024.07.06 13:18:32 INFO  app[][o.s.a.SchedulerImpl] Stopping SonarQube
2024.07.06 13:18:32 INFO  app[][o.s.a.SchedulerImpl] Sonarqube has been requested to stop
2024.07.06 13:18:32 INFO  app[][o.s.a.SchedulerImpl] Stopping [Compute Engine] process...
2024.07.06 13:18:32 WARN  app[][o.s.a.p.AbstractManagedProcess] Process exited with exit value [Compute Engine]: 130
2024.07.06 13:18:32 INFO  app[][o.s.a.SchedulerImpl] Process[Compute Engine] is stopped
2024.07.06 13:18:32 INFO  app[][o.s.a.SchedulerImpl] Stopping [Web Server] process...
2024.07.06 13:18:33 WARN  app[][o.s.a.p.AbstractManagedProcess] Process exited with exit value [Web Server]: 130
2024.07.06 13:18:33 INFO  app[][o.s.a.SchedulerImpl] Process[Web Server] is stopped
2024.07.06 13:18:33 INFO  app[][o.s.a.SchedulerImpl] Stopping [ElasticSearch] process...
2024.07.06 13:18:34 INFO  app[][o.s.a.SchedulerImpl] Process[ElasticSearch] is stopped
2024.07.06 13:18:34 INFO  app[][o.s.a.SchedulerImpl] SonarQube is stopped
2024.07.06 13:18:34 WARN  app[][o.s.a.p.AbstractManagedProcess] Process exited with exit value [ElasticSearch]: 130
2024.07.06 13:29:31 INFO  app[][o.s.a.AppFileSystem] Cleaning or creating temp directory /Users/sam/Desktop/TS8/sonarqube-10.6.0.92116/temp
2024.07.06 13:29:31 INFO  app[][o.s.a.es.EsSettings] Elasticsearch listening on [HTTP: 127.0.0.1:9001, TCP: 127.0.0.1:57317]
2024.07.06 13:29:31 INFO  app[][o.s.a.ProcessLauncherImpl] Launch process[ELASTICSEARCH] from [/Users/sam/Desktop/TS8/sonarqube-10.6.0.92116/elasticsearch]: /usr/local/Cellar/openjdk@17/17.0.11/libexec/openjdk.jdk/Contents/Home/bin/java -Xms4m -Xmx64m -XX:+UseSerialGC -Dcli.name=server -Dcli.script=./bin/elasticsearch -Dcli.libs=lib/tools/server-cli -Des.path.home=/Users/sam/Desktop/TS8/sonarqube-10.6.0.92116/elasticsearch -Des.path.conf=/Users/sam/Desktop/TS8/sonarqube-10.6.0.92116/temp/conf/es -Des.distribution.type=tar -cp /Users/sam/Desktop/TS8/sonarqube-10.6.0.92116/elasticsearch/lib/*:/Users/sam/Desktop/TS8/sonarqube-10.6.0.92116/elasticsearch/lib/cli-launcher/* org.elasticsearch.launcher.CliToolLauncher
2024.07.06 13:29:31 INFO  app[][o.s.a.SchedulerImpl] Waiting for Elasticsearch to be up and running
2024.07.06 13:29:52 INFO  app[][o.s.a.SchedulerImpl] Process[es] is up
2024.07.06 13:29:52 INFO  app[][o.s.a.ProcessLauncherImpl] Launch process[WEB_SERVER] from [/Users/sam/Desktop/TS8/sonarqube-10.6.0.92116]: /usr/local/Cellar/openjdk@17/17.0.11/libexec/openjdk.jdk/Contents/Home/bin/java -Djava.awt.headless=true -Dfile.encoding=UTF-8 -Djava.io.tmpdir=/Users/sam/Desktop/TS8/sonarqube-10.6.0.92116/temp -XX:-OmitStackTraceInFastThrow --add-opens=java.base/java.util=ALL-UNNAMED --add-opens=java.base/java.lang=ALL-UNNAMED --add-opens=java.base/java.io=ALL-UNNAMED --add-opens=java.rmi/sun.rmi.transport=ALL-UNNAMED --add-exports=java.base/jdk.internal.ref=ALL-UNNAMED --add-opens=java.base/java.nio=ALL-UNNAMED --add-opens=java.base/sun.nio.ch=ALL-UNNAMED --add-opens=java.management/sun.management=ALL-UNNAMED --add-opens=jdk.management/com.sun.management.internal=ALL-UNNAMED -Xmx512m -Xms128m -XX:+HeapDumpOnOutOfMemoryError -Dhttp.nonProxyHosts=localhost|127.*|[::1] -cp ./lib/sonar-application-10.6.0.92116.jar:/Users/sam/Desktop/TS8/sonarqube-10.6.0.92116/lib/jdbc/h2/h2-2.2.224.jar org.sonar.server.app.WebServer /Users/sam/Desktop/TS8/sonarqube-10.6.0.92116/temp/sq-process11340643253888907663properties
2024.07.06 13:30:02 INFO  app[][o.s.a.SchedulerImpl] Process[web] is up
2024.07.06 13:30:02 INFO  app[][o.s.a.ProcessLauncherImpl] Launch process[COMPUTE_ENGINE] from [/Users/sam/Desktop/TS8/sonarqube-10.6.0.92116]: /usr/local/Cellar/openjdk@17/17.0.11/libexec/openjdk.jdk/Contents/Home/bin/java -Djava.awt.headless=true -Dfile.encoding=UTF-8 -Djava.io.tmpdir=/Users/sam/Desktop/TS8/sonarqube-10.6.0.92116/temp -XX:-OmitStackTraceInFastThrow --add-opens=java.base/java.util=ALL-UNNAMED --add-exports=java.base/jdk.internal.ref=ALL-UNNAMED --add-opens=java.base/java.lang=ALL-UNNAMED --add-opens=java.base/java.nio=ALL-UNNAMED --add-opens=java.base/sun.nio.ch=ALL-UNNAMED --add-opens=java.management/sun.management=ALL-UNNAMED --add-opens=jdk.management/com.sun.management.internal=ALL-UNNAMED -Xmx512m -Xms128m -XX:+HeapDumpOnOutOfMemoryError -Dhttp.nonProxyHosts=localhost|127.*|[::1] -cp ./lib/sonar-application-10.6.0.92116.jar:/Users/sam/Desktop/TS8/sonarqube-10.6.0.92116/lib/jdbc/h2/h2-2.2.224.jar org.sonar.ce.app.CeServer /Users/sam/Desktop/TS8/sonarqube-10.6.0.92116/temp/sq-process246644875159688395properties
2024.07.06 13:30:06 INFO  app[][o.s.a.SchedulerImpl] Process[ce] is up
2024.07.06 13:30:06 INFO  app[][o.s.a.SchedulerImpl] SonarQube is operational
